<?xml version="1.0" encoding="UTF-8"?>
<!-- Generated by org.testng.reporters.JUnitReportReporter -->
<testsuite skipped="0" hostname="Sohails-Machine" name="org.mvnframework.mvnFinal.PracticePage" tests="1" failures="0" timestamp="2021-08-09T22:22:59 IST" time="80.319" errors="0">
  <testcase name="practiceElements" time="80.319" classname="org.mvnframework.mvnFinal.PracticePage"/>
  <system-out/>
</testsuite> <!-- org.mvnframework.mvnFinal.PracticePage -->
