<?xml version="1.0" encoding="UTF-8"?>
<!-- Generated by org.testng.reporters.JUnitReportReporter -->
<testsuite hostname="Sohails-Machine" failures="0" tests="1" name="org.mvnframework.mvnFinal.NewTest" time="10.571" errors="0" timestamp="2021-08-08T22:25:42 IST" skipped="0">
  <testcase classname="org.mvnframework.mvnFinal.NewTest" name="f" time="10.571"/>
  <system-out/>
</testsuite> <!-- org.mvnframework.mvnFinal.NewTest -->
