<?xml version="1.0" encoding="UTF-8"?>
<!-- Generated by org.testng.reporters.JUnitReportReporter -->
<testsuite hostname="Sohails-Machine" failures="0" tests="1" name="org.mvnframework.mvnFinal.PracticePage" time="9.418" errors="0" timestamp="2021-08-07T21:08:51 IST" skipped="0">
  <testcase classname="org.mvnframework.mvnFinal.PracticePage" name="practiceElements" time="9.418"/>
  <system-out/>
</testsuite> <!-- org.mvnframework.mvnFinal.PracticePage -->
